c:\users\lenovo\desktop\mesh-seg\mesh-seg\x64\release\util.obj
c:\users\lenovo\desktop\mesh-seg\mesh-seg\x64\release\point3d.obj
c:\users\lenovo\desktop\mesh-seg\mesh-seg\x64\release\meshviewer.obj
c:\users\lenovo\desktop\mesh-seg\mesh-seg\x64\release\mainwindow.obj
c:\users\lenovo\desktop\mesh-seg\mesh-seg\x64\release\main.obj
c:\users\lenovo\desktop\mesh-seg\mesh-seg\x64\release\lty_stl.obj
c:\users\lenovo\desktop\mesh-seg\mesh-seg\x64\release\gy_show.obj
c:\users\lenovo\desktop\mesh-seg\mesh-seg\x64\release\gy_fitting.obj
c:\users\lenovo\desktop\mesh-seg\mesh-seg\x64\release\moc_meshviewer.obj
c:\users\lenovo\desktop\mesh-seg\mesh-seg\x64\release\moc_mainwindow.obj
c:\users\lenovo\desktop\mesh-seg\mesh-seg\x64\release\moc_dialoglabel.obj
c:\users\lenovo\desktop\mesh-seg\mesh-seg\x64\release\dijkstra.obj
c:\users\lenovo\desktop\mesh-seg\mesh-seg\x64\release\dialoglabel.obj
c:\users\lenovo\desktop\mesh-seg\mesh-seg\x64\release\csy_pitching.obj
c:\users\lenovo\desktop\mesh-seg\mesh-seg\x64\release\csy_allpart.obj
c:\users\lenovo\desktop\mesh-seg\mesh-seg\x64\release\bsp_part.obj
c:\users\lenovo\desktop\mesh-seg\mesh-seg\x64\release\3doperator.obj
c:\users\lenovo\desktop\mesh-seg\mesh-seg\x64\release\zc_vrudder.obj
c:\users\lenovo\desktop\mesh-seg\mesh-seg\generatedfiles\release\moc_mainwindow.cpp
c:\users\lenovo\desktop\mesh-seg\mesh-seg\generatedfiles\ui_mainwindow.h
c:\users\lenovo\desktop\mesh-seg\mesh-seg\generatedfiles\release\moc_dialoglabel.cpp
c:\users\lenovo\desktop\mesh-seg\mesh-seg\generatedfiles\release\moc_meshviewer.cpp
c:\users\lenovo\desktop\mesh-seg\mesh-seg\generatedfiles\qrc_mainwindow.cpp
c:\users\lenovo\desktop\mesh-seg\mesh-seg\generatedfiles\ui_dialoglabel.h
c:\users\lenovo\desktop\mesh-seg\mesh-seg\x64\release\mesh-seg.tlog\cl.command.1.tlog
c:\users\lenovo\desktop\mesh-seg\mesh-seg\x64\release\mesh-seg.tlog\cl.read.1.tlog
c:\users\lenovo\desktop\mesh-seg\mesh-seg\x64\release\mesh-seg.tlog\cl.write.1.tlog
c:\users\lenovo\desktop\mesh-seg\mesh-seg\x64\release\mesh-seg.tlog\custombuild.command.1.tlog
c:\users\lenovo\desktop\mesh-seg\mesh-seg\x64\release\mesh-seg.tlog\custombuild.read.1.tlog
c:\users\lenovo\desktop\mesh-seg\mesh-seg\x64\release\mesh-seg.tlog\custombuild.write.1.tlog
