c:\users\lenovo\desktop\mesh-seg\mesh-seg\x64\debug\vc141.pdb
c:\users\lenovo\desktop\mesh-seg\mesh-seg\x64\debug\util.obj
c:\users\lenovo\desktop\mesh-seg\mesh-seg\x64\debug\point3d.obj
c:\users\lenovo\desktop\mesh-seg\mesh-seg\x64\debug\dijkstra.obj
c:\users\lenovo\desktop\mesh-seg\mesh-seg\x64\debug\mainwindow.obj
c:\users\lenovo\desktop\mesh-seg\mesh-seg\x64\debug\main.obj
c:\users\lenovo\desktop\mesh-seg\mesh-seg\x64\debug\lty_stl.obj
c:\users\lenovo\desktop\mesh-seg\mesh-seg\x64\debug\gy_show.obj
c:\users\lenovo\desktop\mesh-seg\mesh-seg\x64\debug\moc_meshviewer.obj
c:\users\lenovo\desktop\mesh-seg\mesh-seg\x64\debug\moc_mainwindow.obj
c:\users\lenovo\desktop\mesh-seg\mesh-seg\x64\debug\3doperator.obj
c:\users\lenovo\desktop\mesh-seg\mesh-seg\x64\debug\qrc_mainwindow.obj
c:\users\lenovo\desktop\mesh-seg\mesh-seg\x64\debug\meshviewer.obj
c:\users\lenovo\desktop\mesh-seg\mesh-seg\x64\debug\partsdialog.obj
c:\users\lenovo\desktop\mesh-seg\mesh-seg\x64\debug\moc_partsdialog.obj
c:\users\lenovo\desktop\mesh-seg\mesh-seg\x64\debug\dialoglabel.obj
c:\users\lenovo\desktop\mesh-seg\mesh-seg\x64\debug\moc_dialoglabel.obj
c:\users\exspectate\desktop\mesh-seg\mesh-seg\x64\debug\vc141.pdb
c:\users\exspectate\desktop\mesh-seg\mesh-seg\x64\debug\util.obj
c:\users\exspectate\desktop\mesh-seg\mesh-seg\x64\debug\point3d.obj
c:\users\exspectate\desktop\mesh-seg\mesh-seg\x64\debug\dijkstra.obj
c:\users\exspectate\desktop\mesh-seg\mesh-seg\x64\debug\3doperator.obj
c:\users\lenovo\desktop\mesh-seg\mesh-seg\generatedfiles\ui_mainwindow.h
c:\users\lenovo\desktop\mesh-seg\mesh-seg\generatedfiles\qrc_mainwindow.cpp
c:\users\lenovo\desktop\mesh-seg\mesh-seg\generatedfiles\debug\moc_mainwindow.cpp
c:\users\lenovo\desktop\mesh-seg\mesh-seg\generatedfiles\ui_dialoglabel.h
c:\users\lenovo\desktop\mesh-seg\mesh-seg\generatedfiles\debug\moc_dialoglabel.cpp
c:\users\lenovo\desktop\mesh-seg\mesh-seg\generatedfiles\debug\moc_meshviewer.cpp
c:\users\exspectate\desktop\mesh-seg\mesh-seg\generatedfiles\debug\moc_mainwindow.cpp
c:\users\exspectate\desktop\mesh-seg\mesh-seg\generatedfiles\ui_mainwindow.h
c:\users\exspectate\desktop\mesh-seg\mesh-seg\generatedfiles\debug\moc_dialoglabel.cpp
c:\users\exspectate\desktop\mesh-seg\mesh-seg\generatedfiles\debug\moc_meshviewer.cpp
c:\users\exspectate\desktop\mesh-seg\mesh-seg\generatedfiles\qrc_mainwindow.cpp
c:\users\exspectate\desktop\mesh-seg\mesh-seg\generatedfiles\ui_dialoglabel.h
c:\users\lenovo\desktop\mesh-seg\x64\debug\mesh-seg.exe
c:\users\lenovo\desktop\mesh-seg\x64\debug\mesh-seg.ilk
c:\users\lenovo\desktop\mesh-seg\x64\debug\mesh-seg.pdb
c:\users\exspectate\desktop\mesh-seg\mesh-seg\x64\debug\dialoglabel.obj
c:\users\exspectate\desktop\mesh-seg\mesh-seg\x64\debug\gy_show.obj
c:\users\exspectate\desktop\mesh-seg\mesh-seg\x64\debug\lty_stl.obj
c:\users\exspectate\desktop\mesh-seg\mesh-seg\x64\debug\main.obj
c:\users\exspectate\desktop\mesh-seg\mesh-seg\x64\debug\mainwindow.obj
c:\users\exspectate\desktop\mesh-seg\mesh-seg\x64\debug\meshviewer.obj
c:\users\exspectate\desktop\mesh-seg\mesh-seg\x64\debug\moc_dialoglabel.obj
c:\users\exspectate\desktop\mesh-seg\mesh-seg\x64\debug\moc_mainwindow.obj
c:\users\exspectate\desktop\mesh-seg\mesh-seg\x64\debug\moc_meshviewer.obj
c:\users\exspectate\desktop\mesh-seg\mesh-seg\x64\debug\moc_partsdialog.obj
c:\users\exspectate\desktop\mesh-seg\mesh-seg\x64\debug\partsdialog.obj
c:\users\exspectate\desktop\mesh-seg\mesh-seg\x64\debug\qrc_mainwindow.obj
c:\users\exspectate\desktop\mesh-seg\x64\debug\mesh-seg.pdb
c:\users\exspectate\desktop\mesh-seg\x64\debug\mesh-seg.exe
c:\users\exspectate\desktop\mesh-seg\x64\debug\mesh-seg.ilk
c:\users\exspectate\desktop\mesh-seg\mesh-seg\x64\debug\mesh-seg.tlog\cl.command.1.tlog
c:\users\exspectate\desktop\mesh-seg\mesh-seg\x64\debug\mesh-seg.tlog\cl.read.1.tlog
c:\users\exspectate\desktop\mesh-seg\mesh-seg\x64\debug\mesh-seg.tlog\cl.write.1.tlog
c:\users\exspectate\desktop\mesh-seg\mesh-seg\x64\debug\mesh-seg.tlog\custombuild.command.1.tlog
c:\users\exspectate\desktop\mesh-seg\mesh-seg\x64\debug\mesh-seg.tlog\custombuild.read.1.tlog
c:\users\exspectate\desktop\mesh-seg\mesh-seg\x64\debug\mesh-seg.tlog\custombuild.write.1.tlog
c:\users\exspectate\desktop\mesh-seg\mesh-seg\x64\debug\mesh-seg.tlog\link.command.1.tlog
c:\users\exspectate\desktop\mesh-seg\mesh-seg\x64\debug\mesh-seg.tlog\link.read.1.tlog
c:\users\exspectate\desktop\mesh-seg\mesh-seg\x64\debug\mesh-seg.tlog\link.write.1.tlog
